<?xml version="1.0" encoding="UTF-8"?>
<!-- Generated by org.testng.reporters.JUnitReportReporter -->
<testsuite hostname="RaviWindows" failures="0" tests="1" name="com.testng.FirstTestNG" time="610.435" errors="0" timestamp="2021-12-03T19:21:45 IST" skipped="0">
  <testcase classname="com.testng.FirstTestNG" name="f" time="610.435"/>
  <system-out/>
</testsuite> <!-- com.testng.FirstTestNG -->
