<?xml version="1.0" encoding="UTF-8"?>
<!-- Generated by org.testng.reporters.JUnitReportReporter -->
<testsuite hostname="RaviWindows" failures="0" tests="1" name="com.testng.SeleniumWithTestNG" time="9.200" errors="0" timestamp="2021-12-03T20:44:45 IST" skipped="0">
  <testcase classname="com.testng.SeleniumWithTestNG" name="f" time="9.200"/>
  <system-out/>
</testsuite> <!-- com.testng.SeleniumWithTestNG -->
