<?xml version="1.0" encoding="UTF-8"?>
<!-- Generated by org.testng.reporters.JUnitReportReporter -->
<testsuite hostname="RaviWindows" failures="0" tests="1" name="com.testng.Priority" time="0.013" errors="0" timestamp="2021-12-03T21:00:09 IST" skipped="0">
  <testcase classname="com.testng.Priority" name="c" time="0.013"/>
  <system-out/>
</testsuite> <!-- com.testng.Priority -->
