<?xml version="1.0" encoding="UTF-8"?>
<!-- Generated by org.testng.reporters.JUnitReportReporter -->
<testsuite hostname="RaviWindows" failures="0" tests="1" name="com.testng.Hellow" time="0.008" errors="0" timestamp="2021-12-03T19:32:30 IST" skipped="0">
  <testcase classname="com.testng.Hellow" name="f" time="0.008"/>
  <system-out/>
</testsuite> <!-- com.testng.Hellow -->
