<?xml version="1.0" encoding="UTF-8"?>
<!-- Generated by org.testng.reporters.JUnitReportReporter -->
<testsuite hostname="RaviWindows" failures="0" tests="2" name="com.testng.SeleniumExampleGroupsTestng" time="15.392" errors="0" timestamp="2021-12-03T19:28:44 IST" skipped="0">
  <testcase classname="com.testng.SeleniumExampleGroupsTestng" name="executionMethodOne" time="10.220"/>
  <system-out/>
  <testcase classname="com.testng.SeleniumExampleGroupsTestng" name="executionMethod" time="5.172"/>
  <system-out/>
</testsuite> <!-- com.testng.SeleniumExampleGroupsTestng -->
