<?xml version="1.0" encoding="UTF-8"?>
<!-- Generated by org.testng.reporters.JUnitReportReporter -->
<testsuite hostname="RaviWindows" failures="0" tests="2" name="com.testng.TestNG" time="0.010" errors="0" timestamp="2021-12-03T19:26:26 IST" skipped="0">
  <testcase classname="com.testng.TestNG" name="f" time="0.009"/>
  <system-out/>
  <testcase classname="com.testng.TestNG" name="ff" time="0.001"/>
  <system-out/>
</testsuite> <!-- com.testng.TestNG -->
