<?xml version="1.0" encoding="UTF-8"?>
<!-- Generated by org.testng.reporters.JUnitReportReporter -->
<testsuite hostname="RaviWindows" failures="0" tests="2" name="com.testng.DifferentAnnotations2" time="0.006" errors="0" timestamp="2021-12-03T20:38:29 IST" skipped="0">
  <testcase classname="com.testng.DifferentAnnotations2" name="f" time="0.003"/>
  <system-out/>
  <testcase classname="com.testng.DifferentAnnotations2" name="ff" time="0.003"/>
  <system-out/>
</testsuite> <!-- com.testng.DifferentAnnotations2 -->
